22-Sep-2018 18:36:01.697 INFO [main] org.apache.catalina.startup.VersionLoggerListener.log Server version:        Apache Tomcat/9.0.12
22-Sep-2018 18:36:01.697 INFO [main] org.apache.catalina.startup.VersionLoggerListener.log Server built:          Sep 4 2018 22:13:41 UTC
22-Sep-2018 18:36:01.713 INFO [main] org.apache.catalina.startup.VersionLoggerListener.log Server number:         9.0.12.0
22-Sep-2018 18:36:01.713 INFO [main] org.apache.catalina.startup.VersionLoggerListener.log OS Name:               Windows 10
22-Sep-2018 18:36:01.713 INFO [main] org.apache.catalina.startup.VersionLoggerListener.log OS Version:            10.0
22-Sep-2018 18:36:01.713 INFO [main] org.apache.catalina.startup.VersionLoggerListener.log Architecture:          amd64
22-Sep-2018 18:36:01.713 INFO [main] org.apache.catalina.startup.VersionLoggerListener.log Java Home:             C:\Program Files\Java\jre-9.0.4
22-Sep-2018 18:36:01.713 INFO [main] org.apache.catalina.startup.VersionLoggerListener.log JVM Version:           9.0.4+11
22-Sep-2018 18:36:01.713 INFO [main] org.apache.catalina.startup.VersionLoggerListener.log JVM Vendor:            Oracle Corporation
22-Sep-2018 18:36:01.713 INFO [main] org.apache.catalina.startup.VersionLoggerListener.log CATALINA_BASE:         C:\Users\Pavel\Downloads\apache-tomcat-9.0.12\apache-tomcat-9.0.12
22-Sep-2018 18:36:01.713 INFO [main] org.apache.catalina.startup.VersionLoggerListener.log CATALINA_HOME:         C:\Users\Pavel\Downloads\apache-tomcat-9.0.12\apache-tomcat-9.0.12
22-Sep-2018 18:36:01.729 INFO [main] org.apache.catalina.startup.VersionLoggerListener.log Command line argument: --add-opens=java.base/java.lang=ALL-UNNAMED
22-Sep-2018 18:36:01.729 INFO [main] org.apache.catalina.startup.VersionLoggerListener.log Command line argument: --add-opens=java.base/java.io=ALL-UNNAMED
22-Sep-2018 18:36:01.729 INFO [main] org.apache.catalina.startup.VersionLoggerListener.log Command line argument: --add-opens=java.rmi/sun.rmi.transport=ALL-UNNAMED
22-Sep-2018 18:36:01.729 INFO [main] org.apache.catalina.startup.VersionLoggerListener.log Command line argument: -Djava.util.logging.config.file=C:\Users\Pavel\Downloads\apache-tomcat-9.0.12\apache-tomcat-9.0.12\conf\logging.properties
22-Sep-2018 18:36:01.729 INFO [main] org.apache.catalina.startup.VersionLoggerListener.log Command line argument: -Djava.util.logging.manager=org.apache.juli.ClassLoaderLogManager
22-Sep-2018 18:36:01.729 INFO [main] org.apache.catalina.startup.VersionLoggerListener.log Command line argument: -Djdk.tls.ephemeralDHKeySize=2048
22-Sep-2018 18:36:01.729 INFO [main] org.apache.catalina.startup.VersionLoggerListener.log Command line argument: -Djava.protocol.handler.pkgs=org.apache.catalina.webresources
22-Sep-2018 18:36:01.729 INFO [main] org.apache.catalina.startup.VersionLoggerListener.log Command line argument: -Dignore.endorsed.dirs=
22-Sep-2018 18:36:01.729 INFO [main] org.apache.catalina.startup.VersionLoggerListener.log Command line argument: -Dcatalina.base=C:\Users\Pavel\Downloads\apache-tomcat-9.0.12\apache-tomcat-9.0.12
22-Sep-2018 18:36:01.729 INFO [main] org.apache.catalina.startup.VersionLoggerListener.log Command line argument: -Dcatalina.home=C:\Users\Pavel\Downloads\apache-tomcat-9.0.12\apache-tomcat-9.0.12
22-Sep-2018 18:36:01.729 INFO [main] org.apache.catalina.startup.VersionLoggerListener.log Command line argument: -Djava.io.tmpdir=C:\Users\Pavel\Downloads\apache-tomcat-9.0.12\apache-tomcat-9.0.12\temp
22-Sep-2018 18:36:01.729 INFO [main] org.apache.catalina.core.AprLifecycleListener.lifecycleEvent The APR based Apache Tomcat Native library which allows optimal performance in production environments was not found on the java.library.path: [C:\Program Files\Java\jre-9.0.4\bin;C:\WINDOWS\Sun\Java\bin;C:\WINDOWS\system32;C:\WINDOWS;C:\Program Files\Java\jdk1.8.0_25\bin;C:\Program Files\Ruby200-x64\bin;C:\Program Files (x86)\NVIDIA Corporation\PhysX\Common;C:\Program Files (x86)\Intel\iCLS Client\;C:\Program Files\Intel\iCLS Client\;C:\WINDOWS\system32;C:\WINDOWS;C:\WINDOWS\System32\Wbem;C:\WINDOWS\System32\WindowsPowerShell\v1.0\;C:\Program Files\Intel\Intel(R) Management Engine Components\DAL;C:\Program Files\Intel\Intel(R) Management Engine Components\IPT;C:\Program Files (x86)\Intel\Intel(R) Management Engine Components\DAL;C:\Program Files (x86)\Intel\Intel(R) Management Engine Components\IPT;C:\Program Files (x86)\Intel\OpenCL SDK\2.0\bin\x86;C:\Program Files (x86)\Intel\OpenCL SDK\2.0\bin\x64;C:\Program Files\Lenovo\Bluetooth Software\;C:\Program Files\Lenovo\Bluetooth Software\syswow64;C:\Program Files\Microsoft\Web Platform Installer\;C:\Program Files (x86)\Microsoft ASP.NET\ASP.NET Web Pages\v1.0\;C:\Program Files\Microsoft SQL Server\110\Tools\Binn\;C:\Program Files\Java\jdk-9.0.4\bin;C:\WINDOWS\system32\config\systemprofile\.dnx\bin;C:\Program Files\Microsoft DNX\Dnvm\;C:\Program Files\MySQL\MySQL Server 5.7\bin;C:\Program Files (x86)\Skype\Phone\;C:\Program Files (x86)\PICT\;C:\Program Files\Git\cmd;C:\Program Files\nodejs\;C:\Program Files\dotnet\;C:\Program Files\Microsoft SQL Server\130\Tools\Binn\;C:\WINDOWS\System32\OpenSSH\;C:\Program Files\Ruby200-x64\bin;C:\Users\Pavel\AppData\Local\Microsoft\WindowsApps;C:/bin/maven/bin;C:\Program Files\Microsoft VS Code\bin;C:\Users\Pavel\AppData\Roaming\npm;;.]
22-Sep-2018 18:36:01.929 INFO [main] org.apache.coyote.AbstractProtocol.init Initializing ProtocolHandler ["http-nio-8080"]
22-Sep-2018 18:36:02.257 INFO [main] org.apache.tomcat.util.net.NioSelectorPool.getSharedSelector Using a shared selector for servlet write/read
22-Sep-2018 18:36:02.304 INFO [main] org.apache.coyote.AbstractProtocol.init Initializing ProtocolHandler ["ajp-nio-8009"]
22-Sep-2018 18:36:02.304 INFO [main] org.apache.tomcat.util.net.NioSelectorPool.getSharedSelector Using a shared selector for servlet write/read
22-Sep-2018 18:36:02.304 INFO [main] org.apache.catalina.startup.Catalina.load Initialization processed in 2222 ms
22-Sep-2018 18:36:02.538 INFO [main] org.apache.catalina.core.StandardService.startInternal Starting service [Catalina]
22-Sep-2018 18:36:02.538 INFO [main] org.apache.catalina.core.StandardEngine.startInternal Starting Servlet Engine: Apache Tomcat/9.0.12
22-Sep-2018 18:36:02.601 INFO [main] org.apache.catalina.startup.HostConfig.deployDirectory Deploying web application directory [C:\Users\Pavel\Downloads\apache-tomcat-9.0.12\apache-tomcat-9.0.12\webapps\docs]
22-Sep-2018 18:36:04.194 WARNING [main] org.apache.catalina.util.SessionIdGeneratorBase.createSecureRandom Creation of SecureRandom instance for session ID generation using [SHA1PRNG] took [125] milliseconds.
22-Sep-2018 18:36:04.304 INFO [main] org.apache.catalina.startup.HostConfig.deployDirectory Deployment of web application directory [C:\Users\Pavel\Downloads\apache-tomcat-9.0.12\apache-tomcat-9.0.12\webapps\docs] has finished in [1,703] ms
22-Sep-2018 18:36:04.304 INFO [main] org.apache.catalina.startup.HostConfig.deployDirectory Deploying web application directory [C:\Users\Pavel\Downloads\apache-tomcat-9.0.12\apache-tomcat-9.0.12\webapps\examples]
22-Sep-2018 18:36:05.601 INFO [main] org.apache.catalina.startup.HostConfig.deployDirectory Deployment of web application directory [C:\Users\Pavel\Downloads\apache-tomcat-9.0.12\apache-tomcat-9.0.12\webapps\examples] has finished in [1,297] ms
22-Sep-2018 18:36:05.601 INFO [main] org.apache.catalina.startup.HostConfig.deployDirectory Deploying web application directory [C:\Users\Pavel\Downloads\apache-tomcat-9.0.12\apache-tomcat-9.0.12\webapps\host-manager]
22-Sep-2018 18:36:05.710 INFO [main] org.apache.catalina.startup.HostConfig.deployDirectory Deployment of web application directory [C:\Users\Pavel\Downloads\apache-tomcat-9.0.12\apache-tomcat-9.0.12\webapps\host-manager] has finished in [109] ms
22-Sep-2018 18:36:05.710 INFO [main] org.apache.catalina.startup.HostConfig.deployDirectory Deploying web application directory [C:\Users\Pavel\Downloads\apache-tomcat-9.0.12\apache-tomcat-9.0.12\webapps\manager]
22-Sep-2018 18:36:05.788 INFO [main] org.apache.catalina.startup.HostConfig.deployDirectory Deployment of web application directory [C:\Users\Pavel\Downloads\apache-tomcat-9.0.12\apache-tomcat-9.0.12\webapps\manager] has finished in [78] ms
22-Sep-2018 18:36:05.788 INFO [main] org.apache.catalina.startup.HostConfig.deployDirectory Deploying web application directory [C:\Users\Pavel\Downloads\apache-tomcat-9.0.12\apache-tomcat-9.0.12\webapps\ROOT]
22-Sep-2018 18:36:05.851 INFO [main] org.apache.catalina.startup.HostConfig.deployDirectory Deployment of web application directory [C:\Users\Pavel\Downloads\apache-tomcat-9.0.12\apache-tomcat-9.0.12\webapps\ROOT] has finished in [63] ms
22-Sep-2018 18:36:05.882 INFO [main] org.apache.coyote.AbstractProtocol.start Starting ProtocolHandler ["http-nio-8080"]
22-Sep-2018 18:36:05.926 INFO [main] org.apache.coyote.AbstractProtocol.start Starting ProtocolHandler ["ajp-nio-8009"]
22-Sep-2018 18:36:05.926 INFO [main] org.apache.catalina.startup.Catalina.start Server startup in 3621 ms
